{"C:\\Users\\brandon.jaimes\\Downloads\\nodeCourse\\app.js": {"path":"C:\\Users\\brandon.jaimes\\Downloads\\nodeCourse\\app.js","statementMap":{"0":{"start":{"line":2,"column":0},"end":{"line":2,"column":26}},"1":{"start":{"line":6,"column":16},"end":{"line":6,"column":34}},"2":{"start":{"line":10,"column":13},"end":{"line":10,"column":28}},"3":{"start":{"line":14,"column":18},"end":{"line":14,"column":47}},"4":{"start":{"line":16,"column":18},"end":{"line":16,"column":39}},"5":{"start":{"line":17,"column":17},"end":{"line":17,"column":54}},"6":{"start":{"line":20,"column":23},"end":{"line":20,"column":48}},"7":{"start":{"line":21,"column":27},"end":{"line":21,"column":52}},"8":{"start":{"line":23,"column":29},"end":{"line":23,"column":54}},"9":{"start":{"line":26,"column":12},"end":{"line":26,"column":21}},"10":{"start":{"line":29,"column":0},"end":{"line":29,"column":16}},"11":{"start":{"line":32,"column":0},"end":{"line":32,"column":24}},"12":{"start":{"line":35,"column":0},"end":{"line":35,"column":35}},"13":{"start":{"line":37,"column":13},"end":{"line":37,"column":37}},"14":{"start":{"line":43,"column":0},"end":{"line":43,"column":81}},"15":{"start":{"line":48,"column":0},"end":{"line":48,"column":36}},"16":{"start":{"line":57,"column":0},"end":{"line":61,"column":1}},"17":{"start":{"line":58,"column":4},"end":{"line":60,"column":7}},"18":{"start":{"line":59,"column":8},"end":{"line":59,"column":70}},"19":{"start":{"line":66,"column":0},"end":{"line":66,"column":17}},"20":{"start":{"line":68,"column":0},"end":{"line":68,"column":20}}},"fnMap":{"0":{"name":"(anonymous_0)","decl":{"start":{"line":58,"column":21},"end":{"line":58,"column":22}},"loc":{"start":{"line":58,"column":26},"end":{"line":60,"column":5}},"line":58}},"branchMap":{"0":{"loc":{"start":{"line":17,"column":17},"end":{"line":17,"column":54}},"type":"binary-expr","locations":[{"start":{"line":17,"column":17},"end":{"line":17,"column":37}},{"start":{"line":17,"column":41},"end":{"line":17,"column":54}}],"line":17},"1":{"loc":{"start":{"line":37,"column":13},"end":{"line":37,"column":37}},"type":"binary-expr","locations":[{"start":{"line":37,"column":13},"end":{"line":37,"column":29}},{"start":{"line":37,"column":33},"end":{"line":37,"column":37}}],"line":37},"2":{"loc":{"start":{"line":57,"column":0},"end":{"line":61,"column":1}},"type":"if","locations":[{"start":{"line":57,"column":0},"end":{"line":61,"column":1}},{"start":{},"end":{}}],"line":57}},"s":{"0":2,"1":2,"2":2,"3":2,"4":2,"5":2,"6":2,"7":2,"8":2,"9":2,"10":2,"11":2,"12":2,"13":2,"14":2,"15":2,"16":2,"17":0,"18":0,"19":2,"20":2},"f":{"0":0},"b":{"0":[2,0],"1":[2,0],"2":[0,2]},"_coverageSchema":"1a1c01bbd47fc00a2c39e90264f33305004495a9","hash":"0be079daabfcabe78facaab4645547c5c673fc77"}
,"C:\\Users\\brandon.jaimes\\Downloads\\nodeCourse\\config\\mongo.js": {"path":"C:\\Users\\brandon.jaimes\\Downloads\\nodeCourse\\config\\mongo.js","statementMap":{"0":{"start":{"line":1,"column":17},"end":{"line":1,"column":36}},"1":{"start":{"line":2,"column":17},"end":{"line":2,"column":37}},"2":{"start":{"line":4,"column":18},"end":{"line":16,"column":1}},"3":{"start":{"line":5,"column":19},"end":{"line":5,"column":87}},"4":{"start":{"line":6,"column":4},"end":{"line":15,"column":7}},"5":{"start":{"line":10,"column":8},"end":{"line":14,"column":9}},"6":{"start":{"line":11,"column":12},"end":{"line":11,"column":55}},"7":{"start":{"line":13,"column":12},"end":{"line":13,"column":56}},"8":{"start":{"line":18,"column":0},"end":{"line":18,"column":26}}},"fnMap":{"0":{"name":"(anonymous_0)","decl":{"start":{"line":4,"column":18},"end":{"line":4,"column":19}},"loc":{"start":{"line":4,"column":24},"end":{"line":16,"column":1}},"line":4},"1":{"name":"(anonymous_1)","decl":{"start":{"line":9,"column":6},"end":{"line":9,"column":7}},"loc":{"start":{"line":9,"column":18},"end":{"line":15,"column":5}},"line":9}},"branchMap":{"0":{"loc":{"start":{"line":5,"column":19},"end":{"line":5,"column":87}},"type":"cond-expr","locations":[{"start":{"line":5,"column":43},"end":{"line":5,"column":66}},{"start":{"line":5,"column":69},"end":{"line":5,"column":87}}],"line":5},"1":{"loc":{"start":{"line":10,"column":8},"end":{"line":14,"column":9}},"type":"if","locations":[{"start":{"line":10,"column":8},"end":{"line":14,"column":9}},{"start":{"line":12,"column":13},"end":{"line":14,"column":9}}],"line":10}},"s":{"0":2,"1":2,"2":2,"3":2,"4":2,"5":2,"6":2,"7":0,"8":2},"f":{"0":2,"1":2},"b":{"0":[2,0],"1":[2,0]},"_coverageSchema":"1a1c01bbd47fc00a2c39e90264f33305004495a9","hash":"375d467ebac4a45ebee8f3fa90b5022a3dbd1643"}
,"C:\\Users\\brandon.jaimes\\Downloads\\nodeCourse\\config\\mysql.js": {"path":"C:\\Users\\brandon.jaimes\\Downloads\\nodeCourse\\config\\mysql.js","statementMap":{"0":{"start":{"line":1,"column":22},"end":{"line":1,"column":42}},"1":{"start":{"line":4,"column":17},"end":{"line":4,"column":43}},"2":{"start":{"line":5,"column":17},"end":{"line":5,"column":43}},"3":{"start":{"line":6,"column":17},"end":{"line":6,"column":43}},"4":{"start":{"line":7,"column":13},"end":{"line":7,"column":35}},"5":{"start":{"line":9,"column":18},"end":{"line":17,"column":1}},"6":{"start":{"line":19,"column":23},"end":{"line":26,"column":1}},"7":{"start":{"line":20,"column":4},"end":{"line":25,"column":5}},"8":{"start":{"line":21,"column":8},"end":{"line":21,"column":39}},"9":{"start":{"line":22,"column":8},"end":{"line":22,"column":52}},"10":{"start":{"line":24,"column":8},"end":{"line":24,"column":53}},"11":{"start":{"line":29,"column":0},"end":{"line":29,"column":46}}},"fnMap":{"0":{"name":"(anonymous_0)","decl":{"start":{"line":19,"column":23},"end":{"line":19,"column":24}},"loc":{"start":{"line":19,"column":34},"end":{"line":26,"column":1}},"line":19}},"branchMap":{},"s":{"0":2,"1":2,"2":2,"3":2,"4":2,"5":2,"6":2,"7":0,"8":0,"9":0,"10":0,"11":2},"f":{"0":0},"b":{},"_coverageSchema":"1a1c01bbd47fc00a2c39e90264f33305004495a9","hash":"43c8d44dea33b63d04b6d2eea7254defb8e7adcd"}
,"C:\\Users\\brandon.jaimes\\Downloads\\nodeCourse\\controllers\\auth.js": {"path":"C:\\Users\\brandon.jaimes\\Downloads\\nodeCourse\\controllers\\auth.js","statementMap":{"0":{"start":{"line":1,"column":24},"end":{"line":1,"column":52}},"1":{"start":{"line":2,"column":29},"end":{"line":2,"column":63}},"2":{"start":{"line":3,"column":22},"end":{"line":3,"column":42}},"3":{"start":{"line":4,"column":22},"end":{"line":4,"column":51}},"4":{"start":{"line":5,"column":28},"end":{"line":5,"column":59}},"5":{"start":{"line":7,"column":27},"end":{"line":24,"column":1}},"6":{"start":{"line":8,"column":3},"end":{"line":23,"column":4}},"7":{"start":{"line":9,"column":4},"end":{"line":9,"column":27}},"8":{"start":{"line":10,"column":21},"end":{"line":10,"column":48}},"9":{"start":{"line":11,"column":17},"end":{"line":11,"column":35}},"10":{"start":{"line":12,"column":21},"end":{"line":12,"column":49}},"11":{"start":{"line":13,"column":4},"end":{"line":13,"column":59}},"12":{"start":{"line":15,"column":17},"end":{"line":18,"column":5}},"13":{"start":{"line":19,"column":4},"end":{"line":19,"column":20}},"14":{"start":{"line":20,"column":4},"end":{"line":20,"column":21}},"15":{"start":{"line":22,"column":4},"end":{"line":22,"column":47}},"16":{"start":{"line":26,"column":24},"end":{"line":55,"column":1}},"17":{"start":{"line":27,"column":4},"end":{"line":54,"column":5}},"18":{"start":{"line":28,"column":8},"end":{"line":28,"column":31}},"19":{"start":{"line":29,"column":21},"end":{"line":29,"column":98}},"20":{"start":{"line":30,"column":8},"end":{"line":33,"column":9}},"21":{"start":{"line":31,"column":12},"end":{"line":31,"column":55}},"22":{"start":{"line":32,"column":12},"end":{"line":32,"column":18}},"23":{"start":{"line":35,"column":29},"end":{"line":35,"column":49}},"24":{"start":{"line":36,"column":22},"end":{"line":36,"column":62}},"25":{"start":{"line":38,"column":8},"end":{"line":41,"column":9}},"26":{"start":{"line":39,"column":12},"end":{"line":39,"column":57}},"27":{"start":{"line":40,"column":12},"end":{"line":40,"column":18}},"28":{"start":{"line":43,"column":8},"end":{"line":43,"column":54}},"29":{"start":{"line":44,"column":21},"end":{"line":47,"column":9}},"30":{"start":{"line":49,"column":8},"end":{"line":49,"column":24}},"31":{"start":{"line":52,"column":8},"end":{"line":52,"column":23}},"32":{"start":{"line":53,"column":8},"end":{"line":53,"column":48}},"33":{"start":{"line":57,"column":0},"end":{"line":57,"column":55}}},"fnMap":{"0":{"name":"(anonymous_0)","decl":{"start":{"line":7,"column":27},"end":{"line":7,"column":28}},"loc":{"start":{"line":7,"column":45},"end":{"line":24,"column":1}},"line":7},"1":{"name":"(anonymous_1)","decl":{"start":{"line":26,"column":24},"end":{"line":26,"column":25}},"loc":{"start":{"line":26,"column":42},"end":{"line":55,"column":1}},"line":26}},"branchMap":{"0":{"loc":{"start":{"line":30,"column":8},"end":{"line":33,"column":9}},"type":"if","locations":[{"start":{"line":30,"column":8},"end":{"line":33,"column":9}},{"start":{},"end":{}}],"line":30},"1":{"loc":{"start":{"line":38,"column":8},"end":{"line":41,"column":9}},"type":"if","locations":[{"start":{"line":38,"column":8},"end":{"line":41,"column":9}},{"start":{},"end":{}}],"line":38}},"s":{"0":2,"1":2,"2":2,"3":2,"4":2,"5":2,"6":1,"7":1,"8":1,"9":1,"10":1,"11":1,"12":1,"13":1,"14":1,"15":0,"16":2,"17":3,"18":3,"19":3,"20":3,"21":1,"22":1,"23":2,"24":2,"25":2,"26":1,"27":1,"28":1,"29":1,"30":1,"31":0,"32":0,"33":2},"f":{"0":1,"1":3},"b":{"0":[1,2],"1":[1,1]},"_coverageSchema":"1a1c01bbd47fc00a2c39e90264f33305004495a9","hash":"dce0cd9dbe8b7bcf07a55228191ca7965d608658"}
,"C:\\Users\\brandon.jaimes\\Downloads\\nodeCourse\\controllers\\storage.js": {"path":"C:\\Users\\brandon.jaimes\\Downloads\\nodeCourse\\controllers\\storage.js","statementMap":{"0":{"start":{"line":1,"column":24},"end":{"line":1,"column":52}},"1":{"start":{"line":2,"column":25},"end":{"line":2,"column":45}},"2":{"start":{"line":3,"column":28},"end":{"line":3,"column":59}},"3":{"start":{"line":5,"column":11},"end":{"line":5,"column":24}},"4":{"start":{"line":6,"column":19},"end":{"line":6,"column":41}},"5":{"start":{"line":7,"column":19},"end":{"line":7,"column":44}},"6":{"start":{"line":10,"column":17},"end":{"line":18,"column":1}},"7":{"start":{"line":12,"column":4},"end":{"line":17,"column":5}},"8":{"start":{"line":13,"column":21},"end":{"line":13,"column":48}},"9":{"start":{"line":14,"column":8},"end":{"line":14,"column":25}},"10":{"start":{"line":16,"column":8},"end":{"line":16,"column":54}},"11":{"start":{"line":21,"column":16},"end":{"line":29,"column":1}},"12":{"start":{"line":22,"column":4},"end":{"line":28,"column":5}},"13":{"start":{"line":23,"column":23},"end":{"line":23,"column":39}},"14":{"start":{"line":24,"column":21},"end":{"line":24,"column":52}},"15":{"start":{"line":25,"column":8},"end":{"line":25,"column":25}},"16":{"start":{"line":27,"column":8},"end":{"line":27,"column":57}},"17":{"start":{"line":33,"column":19},"end":{"line":46,"column":1}},"18":{"start":{"line":34,"column":4},"end":{"line":45,"column":5}},"19":{"start":{"line":35,"column":31},"end":{"line":35,"column":34}},"20":{"start":{"line":36,"column":25},"end":{"line":39,"column":9}},"21":{"start":{"line":40,"column":21},"end":{"line":40,"column":56}},"22":{"start":{"line":41,"column":8},"end":{"line":41,"column":24}},"23":{"start":{"line":42,"column":8},"end":{"line":42,"column":25}},"24":{"start":{"line":44,"column":8},"end":{"line":44,"column":56}},"25":{"start":{"line":50,"column":19},"end":{"line":69,"column":1}},"26":{"start":{"line":51,"column":4},"end":{"line":68,"column":5}},"27":{"start":{"line":52,"column":23},"end":{"line":52,"column":39}},"28":{"start":{"line":53,"column":25},"end":{"line":53,"column":56}},"29":{"start":{"line":54,"column":8},"end":{"line":54,"column":47}},"30":{"start":{"line":55,"column":29},"end":{"line":55,"column":37}},"31":{"start":{"line":56,"column":26},"end":{"line":56,"column":53}},"32":{"start":{"line":57,"column":8},"end":{"line":57,"column":32}},"33":{"start":{"line":58,"column":21},"end":{"line":61,"column":9}},"34":{"start":{"line":63,"column":8},"end":{"line":63,"column":27}},"35":{"start":{"line":66,"column":8},"end":{"line":66,"column":23}},"36":{"start":{"line":67,"column":8},"end":{"line":67,"column":57}},"37":{"start":{"line":73,"column":0},"end":{"line":73,"column":58}}},"fnMap":{"0":{"name":"(anonymous_0)","decl":{"start":{"line":10,"column":17},"end":{"line":10,"column":18}},"loc":{"start":{"line":10,"column":35},"end":{"line":18,"column":1}},"line":10},"1":{"name":"(anonymous_1)","decl":{"start":{"line":21,"column":16},"end":{"line":21,"column":17}},"loc":{"start":{"line":21,"column":35},"end":{"line":29,"column":1}},"line":21},"2":{"name":"(anonymous_2)","decl":{"start":{"line":33,"column":19},"end":{"line":33,"column":20}},"loc":{"start":{"line":33,"column":38},"end":{"line":46,"column":1}},"line":33},"3":{"name":"(anonymous_3)","decl":{"start":{"line":50,"column":19},"end":{"line":50,"column":20}},"loc":{"start":{"line":50,"column":38},"end":{"line":69,"column":1}},"line":50}},"branchMap":{},"s":{"0":2,"1":2,"2":2,"3":2,"4":2,"5":2,"6":2,"7":1,"8":1,"9":1,"10":0,"11":2,"12":1,"13":1,"14":1,"15":1,"16":0,"17":2,"18":1,"19":1,"20":1,"21":1,"22":1,"23":1,"24":0,"25":2,"26":1,"27":1,"28":1,"29":1,"30":1,"31":1,"32":1,"33":1,"34":1,"35":0,"36":0,"37":2},"f":{"0":1,"1":1,"2":1,"3":1},"b":{},"_coverageSchema":"1a1c01bbd47fc00a2c39e90264f33305004495a9","hash":"b71f909efd07ee255f0c013a95a763e77bc3a3c1"}
,"C:\\Users\\brandon.jaimes\\Downloads\\nodeCourse\\controllers\\tracks.js": {"path":"C:\\Users\\brandon.jaimes\\Downloads\\nodeCourse\\controllers\\tracks.js","statementMap":{"0":{"start":{"line":1,"column":24},"end":{"line":1,"column":52}},"1":{"start":{"line":2,"column":24},"end":{"line":2,"column":44}},"2":{"start":{"line":3,"column":28},"end":{"line":3,"column":59}},"3":{"start":{"line":9,"column":17},"end":{"line":18,"column":1}},"4":{"start":{"line":10,"column":4},"end":{"line":17,"column":5}},"5":{"start":{"line":12,"column":21},"end":{"line":12,"column":29}},"6":{"start":{"line":13,"column":21},"end":{"line":13,"column":47}},"7":{"start":{"line":14,"column":8},"end":{"line":14,"column":31}},"8":{"start":{"line":16,"column":8},"end":{"line":16,"column":57}},"9":{"start":{"line":21,"column":17},"end":{"line":31,"column":1}},"10":{"start":{"line":22,"column":4},"end":{"line":30,"column":5}},"11":{"start":{"line":23,"column":8},"end":{"line":23,"column":31}},"12":{"start":{"line":24,"column":23},"end":{"line":24,"column":26}},"13":{"start":{"line":25,"column":8},"end":{"line":25,"column":24}},"14":{"start":{"line":26,"column":21},"end":{"line":26,"column":54}},"15":{"start":{"line":27,"column":8},"end":{"line":27,"column":25}},"16":{"start":{"line":29,"column":8},"end":{"line":29,"column":56}},"17":{"start":{"line":35,"column":19},"end":{"line":43,"column":1}},"18":{"start":{"line":36,"column":4},"end":{"line":42,"column":5}},"19":{"start":{"line":37,"column":21},"end":{"line":37,"column":37}},"20":{"start":{"line":38,"column":21},"end":{"line":38,"column":51}},"21":{"start":{"line":39,"column":8},"end":{"line":39,"column":25}},"22":{"start":{"line":41,"column":8},"end":{"line":41,"column":55}},"23":{"start":{"line":46,"column":20},"end":{"line":54,"column":1}},"24":{"start":{"line":47,"column":4},"end":{"line":53,"column":5}},"25":{"start":{"line":48,"column":30},"end":{"line":48,"column":46}},"26":{"start":{"line":49,"column":21},"end":{"line":49,"column":64}},"27":{"start":{"line":50,"column":8},"end":{"line":50,"column":25}},"28":{"start":{"line":52,"column":8},"end":{"line":52,"column":55}},"29":{"start":{"line":58,"column":19},"end":{"line":67,"column":1}},"30":{"start":{"line":59,"column":4},"end":{"line":66,"column":5}},"31":{"start":{"line":60,"column":8},"end":{"line":60,"column":31}},"32":{"start":{"line":61,"column":23},"end":{"line":61,"column":26}},"33":{"start":{"line":62,"column":21},"end":{"line":62,"column":55}},"34":{"start":{"line":63,"column":8},"end":{"line":63,"column":25}},"35":{"start":{"line":65,"column":8},"end":{"line":65,"column":55}},"36":{"start":{"line":71,"column":0},"end":{"line":71,"column":68}}},"fnMap":{"0":{"name":"(anonymous_0)","decl":{"start":{"line":9,"column":17},"end":{"line":9,"column":18}},"loc":{"start":{"line":9,"column":35},"end":{"line":18,"column":1}},"line":9},"1":{"name":"(anonymous_1)","decl":{"start":{"line":21,"column":17},"end":{"line":21,"column":18}},"loc":{"start":{"line":21,"column":36},"end":{"line":31,"column":1}},"line":21},"2":{"name":"(anonymous_2)","decl":{"start":{"line":35,"column":19},"end":{"line":35,"column":20}},"loc":{"start":{"line":35,"column":38},"end":{"line":43,"column":1}},"line":35},"3":{"name":"(anonymous_3)","decl":{"start":{"line":46,"column":20},"end":{"line":46,"column":21}},"loc":{"start":{"line":46,"column":39},"end":{"line":54,"column":1}},"line":46},"4":{"name":"(anonymous_4)","decl":{"start":{"line":58,"column":19},"end":{"line":58,"column":20}},"loc":{"start":{"line":58,"column":38},"end":{"line":67,"column":1}},"line":58}},"branchMap":{},"s":{"0":2,"1":2,"2":2,"3":2,"4":0,"5":0,"6":0,"7":0,"8":0,"9":2,"10":0,"11":0,"12":0,"13":0,"14":0,"15":0,"16":0,"17":2,"18":0,"19":0,"20":0,"21":0,"22":0,"23":2,"24":0,"25":0,"26":0,"27":0,"28":0,"29":2,"30":0,"31":0,"32":0,"33":0,"34":0,"35":0,"36":2},"f":{"0":0,"1":0,"2":0,"3":0,"4":0},"b":{},"_coverageSchema":"1a1c01bbd47fc00a2c39e90264f33305004495a9","hash":"d7313c295b17eef2f1832943220f31ef0365d8c9"}
,"C:\\Users\\brandon.jaimes\\Downloads\\nodeCourse\\docs\\swagger.js": {"path":"C:\\Users\\brandon.jaimes\\Downloads\\nodeCourse\\docs\\swagger.js","statementMap":{"0":{"start":{"line":1,"column":21},"end":{"line":1,"column":45}},"1":{"start":{"line":5,"column":26},"end":{"line":65,"column":1}},"2":{"start":{"line":69,"column":16},"end":{"line":74,"column":1}},"3":{"start":{"line":76,"column":29},"end":{"line":76,"column":50}},"4":{"start":{"line":79,"column":0},"end":{"line":79,"column":37}}},"fnMap":{},"branchMap":{},"s":{"0":2,"1":2,"2":2,"3":2,"4":2},"f":{},"b":{},"_coverageSchema":"1a1c01bbd47fc00a2c39e90264f33305004495a9","hash":"7858ff788463eda632107f93ca8ebf83dd89e35d"}
,"C:\\Users\\brandon.jaimes\\Downloads\\nodeCourse\\middleware\\customHeader.js": {"path":"C:\\Users\\brandon.jaimes\\Downloads\\nodeCourse\\middleware\\customHeader.js","statementMap":{"0":{"start":{"line":1,"column":21},"end":{"line":15,"column":1}},"1":{"start":{"line":2,"column":4},"end":{"line":14,"column":5}},"2":{"start":{"line":3,"column":23},"end":{"line":3,"column":42}},"3":{"start":{"line":4,"column":8},"end":{"line":9,"column":9}},"4":{"start":{"line":5,"column":12},"end":{"line":5,"column":18}},"5":{"start":{"line":7,"column":12},"end":{"line":7,"column":28}},"6":{"start":{"line":8,"column":12},"end":{"line":8,"column":55}},"7":{"start":{"line":11,"column":8},"end":{"line":11,"column":24}},"8":{"start":{"line":12,"column":8},"end":{"line":12,"column":41}},"9":{"start":{"line":18,"column":0},"end":{"line":18,"column":30}}},"fnMap":{"0":{"name":"(anonymous_0)","decl":{"start":{"line":1,"column":21},"end":{"line":1,"column":22}},"loc":{"start":{"line":1,"column":40},"end":{"line":15,"column":1}},"line":1}},"branchMap":{"0":{"loc":{"start":{"line":4,"column":8},"end":{"line":9,"column":9}},"type":"if","locations":[{"start":{"line":4,"column":8},"end":{"line":9,"column":9}},{"start":{"line":6,"column":13},"end":{"line":9,"column":9}}],"line":4}},"s":{"0":2,"1":0,"2":0,"3":0,"4":0,"5":0,"6":0,"7":0,"8":0,"9":2},"f":{"0":0},"b":{"0":[0,0]},"_coverageSchema":"1a1c01bbd47fc00a2c39e90264f33305004495a9","hash":"a676b6e6c23adb4a1f87f04e2aa23de37c630511"}
,"C:\\Users\\brandon.jaimes\\Downloads\\nodeCourse\\middleware\\role.js": {"path":"C:\\Users\\brandon.jaimes\\Downloads\\nodeCourse\\middleware\\role.js","statementMap":{"0":{"start":{"line":1,"column":28},"end":{"line":1,"column":59}},"1":{"start":{"line":4,"column":18},"end":{"line":21,"column":1}},"2":{"start":{"line":4,"column":30},"end":{"line":21,"column":1}},"3":{"start":{"line":5,"column":4},"end":{"line":19,"column":5}},"4":{"start":{"line":6,"column":25},"end":{"line":6,"column":28}},"5":{"start":{"line":7,"column":28},"end":{"line":7,"column":37}},"6":{"start":{"line":9,"column":30},"end":{"line":9,"column":76}},"7":{"start":{"line":9,"column":50},"end":{"line":9,"column":75}},"8":{"start":{"line":11,"column":8},"end":{"line":14,"column":9}},"9":{"start":{"line":12,"column":12},"end":{"line":12,"column":60}},"10":{"start":{"line":13,"column":12},"end":{"line":13,"column":18}},"11":{"start":{"line":15,"column":8},"end":{"line":15,"column":14}},"12":{"start":{"line":17,"column":8},"end":{"line":17,"column":53}},"13":{"start":{"line":24,"column":0},"end":{"line":24,"column":30}}},"fnMap":{"0":{"name":"(anonymous_0)","decl":{"start":{"line":4,"column":18},"end":{"line":4,"column":19}},"loc":{"start":{"line":4,"column":30},"end":{"line":21,"column":1}},"line":4},"1":{"name":"(anonymous_1)","decl":{"start":{"line":4,"column":30},"end":{"line":4,"column":31}},"loc":{"start":{"line":4,"column":47},"end":{"line":21,"column":1}},"line":4},"2":{"name":"(anonymous_2)","decl":{"start":{"line":9,"column":41},"end":{"line":9,"column":42}},"loc":{"start":{"line":9,"column":50},"end":{"line":9,"column":75}},"line":9}},"branchMap":{"0":{"loc":{"start":{"line":11,"column":8},"end":{"line":14,"column":9}},"type":"if","locations":[{"start":{"line":11,"column":8},"end":{"line":14,"column":9}},{"start":{},"end":{}}],"line":11}},"s":{"0":2,"1":2,"2":2,"3":0,"4":0,"5":0,"6":0,"7":0,"8":0,"9":0,"10":0,"11":0,"12":0,"13":2},"f":{"0":2,"1":0,"2":0},"b":{"0":[0,0]},"_coverageSchema":"1a1c01bbd47fc00a2c39e90264f33305004495a9","hash":"7b7e23cb407b4e5872f6c72f64422440f7cf1ce0"}
,"C:\\Users\\brandon.jaimes\\Downloads\\nodeCourse\\middleware\\session.js": {"path":"C:\\Users\\brandon.jaimes\\Downloads\\nodeCourse\\middleware\\session.js","statementMap":{"0":{"start":{"line":1,"column":22},"end":{"line":1,"column":42}},"1":{"start":{"line":2,"column":28},"end":{"line":2,"column":59}},"2":{"start":{"line":3,"column":24},"end":{"line":3,"column":53}},"3":{"start":{"line":6,"column":22},"end":{"line":6,"column":64}},"4":{"start":{"line":7,"column":22},"end":{"line":7,"column":37}},"5":{"start":{"line":9,"column":23},"end":{"line":37,"column":1}},"6":{"start":{"line":10,"column":4},"end":{"line":36,"column":5}},"7":{"start":{"line":11,"column":8},"end":{"line":14,"column":9}},"8":{"start":{"line":12,"column":12},"end":{"line":12,"column":50}},"9":{"start":{"line":13,"column":12},"end":{"line":13,"column":18}},"10":{"start":{"line":16,"column":22},"end":{"line":16,"column":64}},"11":{"start":{"line":17,"column":26},"end":{"line":17,"column":50}},"12":{"start":{"line":19,"column":8},"end":{"line":22,"column":9}},"13":{"start":{"line":20,"column":12},"end":{"line":20,"column":46}},"14":{"start":{"line":21,"column":12},"end":{"line":21,"column":18}},"15":{"start":{"line":25,"column":22},"end":{"line":27,"column":9}},"16":{"start":{"line":29,"column":21},"end":{"line":29,"column":51}},"17":{"start":{"line":30,"column":8},"end":{"line":30,"column":24}},"18":{"start":{"line":32,"column":8},"end":{"line":32,"column":15}},"19":{"start":{"line":35,"column":8},"end":{"line":35,"column":48}},"20":{"start":{"line":40,"column":0},"end":{"line":40,"column":31}}},"fnMap":{"0":{"name":"(anonymous_0)","decl":{"start":{"line":9,"column":23},"end":{"line":9,"column":24}},"loc":{"start":{"line":9,"column":50},"end":{"line":37,"column":1}},"line":9}},"branchMap":{"0":{"loc":{"start":{"line":11,"column":8},"end":{"line":14,"column":9}},"type":"if","locations":[{"start":{"line":11,"column":8},"end":{"line":14,"column":9}},{"start":{},"end":{}}],"line":11},"1":{"loc":{"start":{"line":19,"column":8},"end":{"line":22,"column":9}},"type":"if","locations":[{"start":{"line":19,"column":8},"end":{"line":22,"column":9}},{"start":{},"end":{}}],"line":19}},"s":{"0":2,"1":2,"2":2,"3":2,"4":2,"5":2,"6":0,"7":0,"8":0,"9":0,"10":0,"11":0,"12":0,"13":0,"14":0,"15":0,"16":0,"17":0,"18":0,"19":0,"20":2},"f":{"0":0},"b":{"0":[0,0],"1":[0,0]},"_coverageSchema":"1a1c01bbd47fc00a2c39e90264f33305004495a9","hash":"a14b6f4fc33d504277ff052801e32f6a1f6e69d0"}
,"C:\\Users\\brandon.jaimes\\Downloads\\nodeCourse\\models\\index.js": {"path":"C:\\Users\\brandon.jaimes\\Downloads\\nodeCourse\\models\\index.js","statementMap":{"0":{"start":{"line":1,"column":18},"end":{"line":1,"column":39}},"1":{"start":{"line":3,"column":19},"end":{"line":3,"column":28}},"2":{"start":{"line":5,"column":0},"end":{"line":5,"column":24}},"3":{"start":{"line":6,"column":15},"end":{"line":10,"column":1}},"4":{"start":{"line":13,"column":0},"end":{"line":13,"column":23}}},"fnMap":{},"branchMap":{},"s":{"0":2,"1":2,"2":2,"3":2,"4":2},"f":{},"b":{},"_coverageSchema":"1a1c01bbd47fc00a2c39e90264f33305004495a9","hash":"2a3fba20bad72aaabc84813e6349231704b0aeda"}
,"C:\\Users\\brandon.jaimes\\Downloads\\nodeCourse\\models\\nosql\\storage.js": {"path":"C:\\Users\\brandon.jaimes\\Downloads\\nodeCourse\\models\\nosql\\storage.js","statementMap":{"0":{"start":{"line":1,"column":17},"end":{"line":1,"column":36}},"1":{"start":{"line":2,"column":23},"end":{"line":2,"column":49}},"2":{"start":{"line":5,"column":20},"end":{"line":14,"column":1}},"3":{"start":{"line":17,"column":0},"end":{"line":17,"column":59}},"4":{"start":{"line":19,"column":0},"end":{"line":19,"column":56}}},"fnMap":{},"branchMap":{},"s":{"0":2,"1":2,"2":2,"3":2,"4":2},"f":{},"b":{},"_coverageSchema":"1a1c01bbd47fc00a2c39e90264f33305004495a9","hash":"781f495eb37f3991d9b5bfacb83f75d4f7689ad4"}
,"C:\\Users\\brandon.jaimes\\Downloads\\nodeCourse\\models\\nosql\\tracks.js": {"path":"C:\\Users\\brandon.jaimes\\Downloads\\nodeCourse\\models\\nosql\\tracks.js","statementMap":{"0":{"start":{"line":1,"column":17},"end":{"line":1,"column":36}},"1":{"start":{"line":2,"column":23},"end":{"line":2,"column":49}},"2":{"start":{"line":4,"column":21},"end":{"line":34,"column":1}},"3":{"start":{"line":12,"column":20},"end":{"line":12,"column":31}},"4":{"start":{"line":39,"column":0},"end":{"line":56,"column":2}},"5":{"start":{"line":40,"column":21},"end":{"line":53,"column":6}},"6":{"start":{"line":55,"column":4},"end":{"line":55,"column":20}},"7":{"start":{"line":58,"column":0},"end":{"line":80,"column":2}},"8":{"start":{"line":59,"column":21},"end":{"line":77,"column":6}},"9":{"start":{"line":78,"column":4},"end":{"line":78,"column":20}},"10":{"start":{"line":83,"column":0},"end":{"line":83,"column":60}},"11":{"start":{"line":85,"column":0},"end":{"line":85,"column":56}}},"fnMap":{"0":{"name":"(anonymous_0)","decl":{"start":{"line":11,"column":27},"end":{"line":11,"column":28}},"loc":{"start":{"line":11,"column":35},"end":{"line":13,"column":17}},"line":11},"1":{"name":"(anonymous_1)","decl":{"start":{"line":39,"column":35},"end":{"line":39,"column":36}},"loc":{"start":{"line":39,"column":41},"end":{"line":56,"column":1}},"line":39},"2":{"name":"(anonymous_2)","decl":{"start":{"line":58,"column":35},"end":{"line":58,"column":36}},"loc":{"start":{"line":58,"column":43},"end":{"line":80,"column":1}},"line":58}},"branchMap":{},"s":{"0":2,"1":2,"2":2,"3":0,"4":2,"5":0,"6":0,"7":2,"8":0,"9":0,"10":2,"11":2},"f":{"0":0,"1":0,"2":0},"b":{},"_coverageSchema":"1a1c01bbd47fc00a2c39e90264f33305004495a9","hash":"19a7c5204806fbfd1639a79217fa0e266fb01ed8"}
,"C:\\Users\\brandon.jaimes\\Downloads\\nodeCourse\\models\\nosql\\users.js": {"path":"C:\\Users\\brandon.jaimes\\Downloads\\nodeCourse\\models\\nosql\\users.js","statementMap":{"0":{"start":{"line":1,"column":17},"end":{"line":1,"column":36}},"1":{"start":{"line":2,"column":23},"end":{"line":2,"column":49}},"2":{"start":{"line":5,"column":19},"end":{"line":17,"column":1}},"3":{"start":{"line":19,"column":0},"end":{"line":19,"column":58}},"4":{"start":{"line":21,"column":0},"end":{"line":21,"column":53}}},"fnMap":{},"branchMap":{},"s":{"0":2,"1":2,"2":2,"3":2,"4":2},"f":{},"b":{},"_coverageSchema":"1a1c01bbd47fc00a2c39e90264f33305004495a9","hash":"fc9c316f790e0b2c6da083ad341411738ab271cc"}
,"C:\\Users\\brandon.jaimes\\Downloads\\nodeCourse\\routes\\auth.js": {"path":"C:\\Users\\brandon.jaimes\\Downloads\\nodeCourse\\routes\\auth.js","statementMap":{"0":{"start":{"line":1,"column":16},"end":{"line":1,"column":34}},"1":{"start":{"line":2,"column":47},"end":{"line":2,"column":77}},"2":{"start":{"line":3,"column":15},"end":{"line":3,"column":31}},"3":{"start":{"line":4,"column":45},"end":{"line":4,"column":74}},"4":{"start":{"line":27,"column":0},"end":{"line":27,"column":62}},"5":{"start":{"line":30,"column":0},"end":{"line":30,"column":53}},"6":{"start":{"line":34,"column":0},"end":{"line":34,"column":23}}},"fnMap":{},"branchMap":{},"s":{"0":2,"1":2,"2":2,"3":2,"4":2,"5":2,"6":2},"f":{},"b":{},"_coverageSchema":"1a1c01bbd47fc00a2c39e90264f33305004495a9","hash":"5c71fb810953c790c8c95a094f8f829eb28d9e2f"}
,"C:\\Users\\brandon.jaimes\\Downloads\\nodeCourse\\routes\\index.js": {"path":"C:\\Users\\brandon.jaimes\\Downloads\\nodeCourse\\routes\\index.js","statementMap":{"0":{"start":{"line":1,"column":16},"end":{"line":1,"column":34}},"1":{"start":{"line":2,"column":11},"end":{"line":2,"column":24}},"2":{"start":{"line":3,"column":15},"end":{"line":3,"column":31}},"3":{"start":{"line":5,"column":20},"end":{"line":5,"column":29}},"4":{"start":{"line":7,"column":24},"end":{"line":9,"column":1}},"5":{"start":{"line":8,"column":4},"end":{"line":8,"column":39}},"6":{"start":{"line":11,"column":0},"end":{"line":18,"column":2}},"7":{"start":{"line":12,"column":17},"end":{"line":12,"column":38}},"8":{"start":{"line":13,"column":4},"end":{"line":15,"column":5}},"9":{"start":{"line":14,"column":8},"end":{"line":14,"column":52}},"10":{"start":{"line":20,"column":0},"end":{"line":20,"column":23}}},"fnMap":{"0":{"name":"(anonymous_0)","decl":{"start":{"line":7,"column":24},"end":{"line":7,"column":25}},"loc":{"start":{"line":7,"column":37},"end":{"line":9,"column":1}},"line":7},"1":{"name":"(anonymous_1)","decl":{"start":{"line":11,"column":35},"end":{"line":11,"column":36}},"loc":{"start":{"line":11,"column":44},"end":{"line":18,"column":1}},"line":11}},"branchMap":{"0":{"loc":{"start":{"line":13,"column":4},"end":{"line":15,"column":5}},"type":"if","locations":[{"start":{"line":13,"column":4},"end":{"line":15,"column":5}},{"start":{},"end":{}}],"line":13}},"s":{"0":2,"1":2,"2":2,"3":2,"4":2,"5":8,"6":2,"7":8,"8":8,"9":6,"10":2},"f":{"0":8,"1":8},"b":{"0":[6,2]},"_coverageSchema":"1a1c01bbd47fc00a2c39e90264f33305004495a9","hash":"c82dc639a6edaef4d7f21c7281b609e5baad1ddf"}
,"C:\\Users\\brandon.jaimes\\Downloads\\nodeCourse\\routes\\storage.js": {"path":"C:\\Users\\brandon.jaimes\\Downloads\\nodeCourse\\routes\\storage.js","statementMap":{"0":{"start":{"line":1,"column":16},"end":{"line":1,"column":34}},"1":{"start":{"line":3,"column":25},"end":{"line":3,"column":58}},"2":{"start":{"line":4,"column":54},"end":{"line":4,"column":87}},"3":{"start":{"line":5,"column":29},"end":{"line":5,"column":61}},"4":{"start":{"line":7,"column":15},"end":{"line":7,"column":31}},"5":{"start":{"line":13,"column":0},"end":{"line":13,"column":62}},"6":{"start":{"line":15,"column":0},"end":{"line":15,"column":25}},"7":{"start":{"line":16,"column":0},"end":{"line":16,"column":44}},"8":{"start":{"line":17,"column":0},"end":{"line":17,"column":50}},"9":{"start":{"line":20,"column":0},"end":{"line":20,"column":24}}},"fnMap":{},"branchMap":{},"s":{"0":2,"1":2,"2":2,"3":2,"4":2,"5":2,"6":2,"7":2,"8":2,"9":2},"f":{},"b":{},"_coverageSchema":"1a1c01bbd47fc00a2c39e90264f33305004495a9","hash":"e2277019e1e69b28617a8c643f7e4821b6e2ec60"}
,"C:\\Users\\brandon.jaimes\\Downloads\\nodeCourse\\routes\\tracks.js": {"path":"C:\\Users\\brandon.jaimes\\Downloads\\nodeCourse\\routes\\tracks.js","statementMap":{"0":{"start":{"line":1,"column":16},"end":{"line":1,"column":34}},"1":{"start":{"line":2,"column":62},"end":{"line":2,"column":94}},"2":{"start":{"line":3,"column":21},"end":{"line":3,"column":58}},"3":{"start":{"line":4,"column":22},"end":{"line":4,"column":51}},"4":{"start":{"line":5,"column":23},"end":{"line":5,"column":55}},"5":{"start":{"line":6,"column":15},"end":{"line":6,"column":31}},"6":{"start":{"line":7,"column":49},"end":{"line":7,"column":80}},"7":{"start":{"line":11,"column":0},"end":{"line":11,"column":41}},"8":{"start":{"line":13,"column":0},"end":{"line":13,"column":84}},"9":{"start":{"line":15,"column":0},"end":{"line":15,"column":43}},"10":{"start":{"line":17,"column":0},"end":{"line":17,"column":66}},"11":{"start":{"line":19,"column":0},"end":{"line":19,"column":49}},"12":{"start":{"line":22,"column":0},"end":{"line":22,"column":23}}},"fnMap":{},"branchMap":{},"s":{"0":2,"1":2,"2":2,"3":2,"4":2,"5":2,"6":2,"7":2,"8":2,"9":2,"10":2,"11":2,"12":2},"f":{},"b":{},"_coverageSchema":"1a1c01bbd47fc00a2c39e90264f33305004495a9","hash":"2210f243c4c27434f998110cdcd85ddb770d1aff"}
,"C:\\Users\\brandon.jaimes\\Downloads\\nodeCourse\\test\\helper\\helperData.js": {"path":"C:\\Users\\brandon.jaimes\\Downloads\\nodeCourse\\test\\helper\\helperData.js","statementMap":{"0":{"start":{"line":1,"column":24},"end":{"line":4,"column":1}},"1":{"start":{"line":6,"column":26},"end":{"line":11,"column":1}},"2":{"start":{"line":14,"column":30},"end":{"line":20,"column":1}},"3":{"start":{"line":22,"column":28},"end":{"line":25,"column":1}},"4":{"start":{"line":27,"column":22},"end":{"line":41,"column":1}},"5":{"start":{"line":44,"column":0},"end":{"line":50,"column":1}}},"fnMap":{},"branchMap":{},"s":{"0":2,"1":2,"2":2,"3":2,"4":2,"5":2},"f":{},"b":{},"_coverageSchema":"1a1c01bbd47fc00a2c39e90264f33305004495a9","hash":"2ed642726fb8e37bc97b7614dd5310de4cd5e274"}
,"C:\\Users\\brandon.jaimes\\Downloads\\nodeCourse\\utils\\handleError.js": {"path":"C:\\Users\\brandon.jaimes\\Downloads\\nodeCourse\\utils\\handleError.js","statementMap":{"0":{"start":{"line":1,"column":24},"end":{"line":5,"column":1}},"1":{"start":{"line":3,"column":4},"end":{"line":3,"column":21}},"2":{"start":{"line":4,"column":4},"end":{"line":4,"column":31}},"3":{"start":{"line":9,"column":0},"end":{"line":9,"column":36}}},"fnMap":{"0":{"name":"(anonymous_0)","decl":{"start":{"line":1,"column":24},"end":{"line":1,"column":25}},"loc":{"start":{"line":1,"column":72},"end":{"line":5,"column":1}},"line":1}},"branchMap":{"0":{"loc":{"start":{"line":1,"column":30},"end":{"line":1,"column":56}},"type":"default-arg","locations":[{"start":{"line":1,"column":40},"end":{"line":1,"column":56}}],"line":1},"1":{"loc":{"start":{"line":1,"column":58},"end":{"line":1,"column":68}},"type":"default-arg","locations":[{"start":{"line":1,"column":65},"end":{"line":1,"column":68}}],"line":1}},"s":{"0":2,"1":2,"2":2,"3":2},"f":{"0":2},"b":{"0":[0],"1":[0]},"_coverageSchema":"1a1c01bbd47fc00a2c39e90264f33305004495a9","hash":"31c9aabb902143a434ca500b95c4b74b626535f9"}
,"C:\\Users\\brandon.jaimes\\Downloads\\nodeCourse\\utils\\handleJwt.js": {"path":"C:\\Users\\brandon.jaimes\\Downloads\\nodeCourse\\utils\\handleJwt.js","statementMap":{"0":{"start":{"line":1,"column":12},"end":{"line":1,"column":35}},"1":{"start":{"line":2,"column":19},"end":{"line":2,"column":41}},"2":{"start":{"line":3,"column":22},"end":{"line":3,"column":64}},"3":{"start":{"line":4,"column":22},"end":{"line":4,"column":37}},"4":{"start":{"line":6,"column":18},"end":{"line":19,"column":1}},"5":{"start":{"line":7,"column":17},"end":{"line":16,"column":5}},"6":{"start":{"line":18,"column":4},"end":{"line":18,"column":16}},"7":{"start":{"line":21,"column":20},"end":{"line":27,"column":1}},"8":{"start":{"line":22,"column":4},"end":{"line":26,"column":5}},"9":{"start":{"line":23,"column":8},"end":{"line":23,"column":46}},"10":{"start":{"line":25,"column":8},"end":{"line":25,"column":19}},"11":{"start":{"line":29,"column":0},"end":{"line":29,"column":43}}},"fnMap":{"0":{"name":"(anonymous_0)","decl":{"start":{"line":6,"column":18},"end":{"line":6,"column":19}},"loc":{"start":{"line":6,"column":33},"end":{"line":19,"column":1}},"line":6},"1":{"name":"(anonymous_1)","decl":{"start":{"line":21,"column":20},"end":{"line":21,"column":21}},"loc":{"start":{"line":21,"column":39},"end":{"line":27,"column":1}},"line":21}},"branchMap":{},"s":{"0":2,"1":2,"2":2,"3":2,"4":2,"5":3,"6":3,"7":2,"8":0,"9":0,"10":0,"11":2},"f":{"0":3,"1":0},"b":{},"_coverageSchema":"1a1c01bbd47fc00a2c39e90264f33305004495a9","hash":"2f44070fc132e4ec017ff152f8f3c689ef41f466"}
,"C:\\Users\\brandon.jaimes\\Downloads\\nodeCourse\\utils\\handlePassword.js": {"path":"C:\\Users\\brandon.jaimes\\Downloads\\nodeCourse\\utils\\handlePassword.js","statementMap":{"0":{"start":{"line":1,"column":17},"end":{"line":1,"column":36}},"1":{"start":{"line":3,"column":16},"end":{"line":6,"column":1}},"2":{"start":{"line":4,"column":17},"end":{"line":4,"column":54}},"3":{"start":{"line":5,"column":4},"end":{"line":5,"column":16}},"4":{"start":{"line":8,"column":16},"end":{"line":10,"column":1}},"5":{"start":{"line":9,"column":4},"end":{"line":9,"column":62}},"6":{"start":{"line":13,"column":0},"end":{"line":13,"column":37}}},"fnMap":{"0":{"name":"(anonymous_0)","decl":{"start":{"line":3,"column":16},"end":{"line":3,"column":17}},"loc":{"start":{"line":3,"column":41},"end":{"line":6,"column":1}},"line":3},"1":{"name":"(anonymous_1)","decl":{"start":{"line":8,"column":16},"end":{"line":8,"column":17}},"loc":{"start":{"line":8,"column":54},"end":{"line":10,"column":1}},"line":8}},"branchMap":{},"s":{"0":2,"1":2,"2":1,"3":1,"4":2,"5":2,"6":2},"f":{"0":1,"1":2},"b":{},"_coverageSchema":"1a1c01bbd47fc00a2c39e90264f33305004495a9","hash":"682fad41f632940d02e073d52fe1e0f27716f90a"}
,"C:\\Users\\brandon.jaimes\\Downloads\\nodeCourse\\utils\\handlePropertiesEngine.js": {"path":"C:\\Users\\brandon.jaimes\\Downloads\\nodeCourse\\utils\\handlePropertiesEngine.js","statementMap":{"0":{"start":{"line":1,"column":18},"end":{"line":1,"column":39}},"1":{"start":{"line":4,"column":22},"end":{"line":14,"column":1}},"2":{"start":{"line":5,"column":17},"end":{"line":12,"column":5}},"3":{"start":{"line":13,"column":4},"end":{"line":13,"column":27}},"4":{"start":{"line":17,"column":0},"end":{"line":17,"column":31}}},"fnMap":{"0":{"name":"(anonymous_0)","decl":{"start":{"line":4,"column":22},"end":{"line":4,"column":23}},"loc":{"start":{"line":4,"column":27},"end":{"line":14,"column":1}},"line":4}},"branchMap":{},"s":{"0":2,"1":2,"2":4,"3":4,"4":2},"f":{"0":4},"b":{},"_coverageSchema":"1a1c01bbd47fc00a2c39e90264f33305004495a9","hash":"03a56666529fc63f8478f5bd34487b7a87bfc8a1"}
,"C:\\Users\\brandon.jaimes\\Downloads\\nodeCourse\\utils\\handleStorage.js": {"path":"C:\\Users\\brandon.jaimes\\Downloads\\nodeCourse\\utils\\handleStorage.js","statementMap":{"0":{"start":{"line":1,"column":15},"end":{"line":1,"column":32}},"1":{"start":{"line":3,"column":16},"end":{"line":13,"column":2}},"2":{"start":{"line":5,"column":28},"end":{"line":5,"column":54}},"3":{"start":{"line":6,"column":8},"end":{"line":6,"column":28}},"4":{"start":{"line":9,"column":20},"end":{"line":9,"column":54}},"5":{"start":{"line":10,"column":25},"end":{"line":10,"column":52}},"6":{"start":{"line":11,"column":8},"end":{"line":11,"column":25}},"7":{"start":{"line":15,"column":25},"end":{"line":15,"column":44}},"8":{"start":{"line":17,"column":0},"end":{"line":17,"column":34}}},"fnMap":{"0":{"name":"(anonymous_0)","decl":{"start":{"line":4,"column":17},"end":{"line":4,"column":18}},"loc":{"start":{"line":4,"column":39},"end":{"line":7,"column":5}},"line":4},"1":{"name":"(anonymous_1)","decl":{"start":{"line":8,"column":14},"end":{"line":8,"column":15}},"loc":{"start":{"line":8,"column":35},"end":{"line":12,"column":5}},"line":8}},"branchMap":{},"s":{"0":2,"1":2,"2":1,"3":1,"4":1,"5":1,"6":1,"7":2,"8":2},"f":{"0":1,"1":1},"b":{},"_coverageSchema":"1a1c01bbd47fc00a2c39e90264f33305004495a9","hash":"d128d357a247c18a2dbe85215b48ca494d97e2bc"}
,"C:\\Users\\brandon.jaimes\\Downloads\\nodeCourse\\utils\\handleValidator.js": {"path":"C:\\Users\\brandon.jaimes\\Downloads\\nodeCourse\\utils\\handleValidator.js","statementMap":{"0":{"start":{"line":1,"column":29},"end":{"line":1,"column":57}},"1":{"start":{"line":3,"column":24},"end":{"line":11,"column":1}},"2":{"start":{"line":4,"column":4},"end":{"line":10,"column":5}},"3":{"start":{"line":5,"column":8},"end":{"line":5,"column":38}},"4":{"start":{"line":6,"column":8},"end":{"line":6,"column":22}},"5":{"start":{"line":8,"column":8},"end":{"line":8,"column":24}},"6":{"start":{"line":9,"column":8},"end":{"line":9,"column":39}},"7":{"start":{"line":14,"column":0},"end":{"line":14,"column":33}}},"fnMap":{"0":{"name":"(anonymous_0)","decl":{"start":{"line":3,"column":24},"end":{"line":3,"column":25}},"loc":{"start":{"line":3,"column":41},"end":{"line":11,"column":1}},"line":3}},"branchMap":{},"s":{"0":2,"1":2,"2":6,"3":6,"4":6,"5":0,"6":0,"7":2},"f":{"0":6},"b":{},"_coverageSchema":"1a1c01bbd47fc00a2c39e90264f33305004495a9","hash":"69c2ff5e528d4f8bfc5610070794f831fb2b427d"}
,"C:\\Users\\brandon.jaimes\\Downloads\\nodeCourse\\validators\\auth.js": {"path":"C:\\Users\\brandon.jaimes\\Downloads\\nodeCourse\\validators\\auth.js","statementMap":{"0":{"start":{"line":1,"column":18},"end":{"line":1,"column":46}},"1":{"start":{"line":2,"column":24},"end":{"line":2,"column":59}},"2":{"start":{"line":4,"column":26},"end":{"line":12,"column":1}},"3":{"start":{"line":10,"column":8},"end":{"line":10,"column":44}},"4":{"start":{"line":14,"column":23},"end":{"line":20,"column":1}},"5":{"start":{"line":18,"column":8},"end":{"line":18,"column":44}},"6":{"start":{"line":22,"column":0},"end":{"line":22,"column":53}}},"fnMap":{"0":{"name":"(anonymous_0)","decl":{"start":{"line":9,"column":4},"end":{"line":9,"column":5}},"loc":{"start":{"line":9,"column":21},"end":{"line":11,"column":5}},"line":9},"1":{"name":"(anonymous_1)","decl":{"start":{"line":17,"column":4},"end":{"line":17,"column":5}},"loc":{"start":{"line":17,"column":21},"end":{"line":19,"column":5}},"line":17}},"branchMap":{},"s":{"0":2,"1":2,"2":2,"3":1,"4":2,"5":3,"6":2},"f":{"0":1,"1":3},"b":{},"_coverageSchema":"1a1c01bbd47fc00a2c39e90264f33305004495a9","hash":"a406c7594480f727980fcbeac694a0fecf1c1603"}
,"C:\\Users\\brandon.jaimes\\Downloads\\nodeCourse\\validators\\storage.js": {"path":"C:\\Users\\brandon.jaimes\\Downloads\\nodeCourse\\validators\\storage.js","statementMap":{"0":{"start":{"line":1,"column":18},"end":{"line":1,"column":46}},"1":{"start":{"line":2,"column":24},"end":{"line":2,"column":59}},"2":{"start":{"line":5,"column":25},"end":{"line":10,"column":1}},"3":{"start":{"line":8,"column":8},"end":{"line":8,"column":44}},"4":{"start":{"line":14,"column":0},"end":{"line":14,"column":37}}},"fnMap":{"0":{"name":"(anonymous_0)","decl":{"start":{"line":7,"column":4},"end":{"line":7,"column":5}},"loc":{"start":{"line":7,"column":21},"end":{"line":9,"column":5}},"line":7}},"branchMap":{},"s":{"0":2,"1":2,"2":2,"3":2,"4":2},"f":{"0":2},"b":{},"_coverageSchema":"1a1c01bbd47fc00a2c39e90264f33305004495a9","hash":"88f614daab7df5f54bb642376ee5127e38efd9c7"}
,"C:\\Users\\brandon.jaimes\\Downloads\\nodeCourse\\validators\\tracks.js": {"path":"C:\\Users\\brandon.jaimes\\Downloads\\nodeCourse\\validators\\tracks.js","statementMap":{"0":{"start":{"line":1,"column":18},"end":{"line":1,"column":46}},"1":{"start":{"line":2,"column":24},"end":{"line":2,"column":59}},"2":{"start":{"line":4,"column":28},"end":{"line":19,"column":1}},"3":{"start":{"line":17,"column":8},"end":{"line":17,"column":44}},"4":{"start":{"line":21,"column":25},"end":{"line":26,"column":1}},"5":{"start":{"line":24,"column":8},"end":{"line":24,"column":44}},"6":{"start":{"line":30,"column":0},"end":{"line":30,"column":57}}},"fnMap":{"0":{"name":"(anonymous_0)","decl":{"start":{"line":16,"column":4},"end":{"line":16,"column":5}},"loc":{"start":{"line":16,"column":21},"end":{"line":18,"column":5}},"line":16},"1":{"name":"(anonymous_1)","decl":{"start":{"line":23,"column":4},"end":{"line":23,"column":5}},"loc":{"start":{"line":23,"column":21},"end":{"line":25,"column":5}},"line":23}},"branchMap":{},"s":{"0":2,"1":2,"2":2,"3":0,"4":2,"5":0,"6":2},"f":{"0":0,"1":0},"b":{},"_coverageSchema":"1a1c01bbd47fc00a2c39e90264f33305004495a9","hash":"84363a67fad8876f3bbd96a52282d0268af362e3"}
}
